<?xml version="1.0" encoding="UTF-8"?>
<!-- Generated by org.testng.reporters.JUnitReportReporter -->
<testsuite hostname="LAPTOP-6N1QIADB" failures="0" tests="1" name="ppack.Demo" time="5.079" errors="0" timestamp="2021-08-29T08:58:27 IST" skipped="0">
  <testcase classname="ppack.Demo" name="automation" time="5.079"/>
  <system-out/>
</testsuite> <!-- ppack.Demo -->
