<?xml version="1.0" encoding="UTF-8"?>
<!-- Generated by org.testng.reporters.JUnitReportReporter -->
<testsuite hostname="LAPTOP-6N1QIADB" failures="0" tests="3" name="spack.demo1" time="0.021" errors="0" timestamp="2021-09-10T19:44:09 IST" skipped="0">
  <testcase classname="spack.demo1" name="hii" time="0.014"/>
  <system-out/>
  <testcase classname="spack.demo1" name="hello" time="0.003"/>
  <system-out/>
  <testcase classname="spack.demo1" name="thank" time="0.004"/>
  <system-out/>
</testsuite> <!-- spack.demo1 -->
