<?xml version="1.0" encoding="UTF-8"?>
<!-- Generated by org.testng.reporters.JUnitReportReporter -->
<testsuite hostname="LAPTOP-6N1QIADB" failures="0" tests="2" name="rpack.basic" time="0.013" errors="0" timestamp="2021-09-10T19:43:18 IST" skipped="0">
  <testcase classname="rpack.basic" name="movie" time="0.005"/>
  <system-out/>
  <testcase classname="rpack.basic" name="man" time="0.008"/>
  <system-out/>
</testsuite> <!-- rpack.basic -->
